2022-03-27 16:02:25,558 :INFO : test_web :Protractor practice website - WebTables
2022-03-27 16:02:25,558 :INFO : test_web :Successfully opened Protractor practice website - WebTables
2022-03-27 16:02:26,921 :INFO : test_web :Protractor practice website - WebTables
2022-03-27 16:02:26,921 :INFO : test_web :Protractor practice website - WebTables
2022-03-27 16:02:26,922 :INFO : test_web :Successfully opened Protractor practice website - WebTables
2022-03-27 16:02:26,922 :INFO : test_web :Successfully opened Protractor practice website - WebTables
2022-03-27 16:03:57,499 :INFO : test_web :Protractor practice website - WebTables
2022-03-27 16:03:57,500 :INFO : test_web :Successfully opened Protractor practice website - WebTables
2022-03-27 16:03:58,837 :INFO : test_web :Protractor practice website - WebTables
2022-03-27 16:03:58,837 :INFO : test_web :Protractor practice website - WebTables
2022-03-27 16:03:58,837 :INFO : test_web :Successfully opened Protractor practice website - WebTables
2022-03-27 16:03:58,837 :INFO : test_web :Successfully opened Protractor practice website - WebTables
2022-03-27 16:05:43,388 :INFO : test_web :Protractor practice website - WebTables
2022-03-27 16:05:43,389 :INFO : test_web :Successfully opened Protractor practice website - WebTables
2022-03-27 16:05:44,730 :INFO : test_web :Protractor practice website - WebTables
2022-03-27 16:05:44,730 :INFO : test_web :Protractor practice website - WebTables
2022-03-27 16:05:44,730 :INFO : test_web :Successfully opened Protractor practice website - WebTables
2022-03-27 16:05:44,730 :INFO : test_web :Successfully opened Protractor practice website - WebTables
2022-03-27 16:11:06,068 :INFO : test_web :Protractor practice website - WebTables
2022-03-27 16:11:06,069 :INFO : test_web :Successfully opened Protractor practice website - WebTables
2022-03-27 16:11:07,417 :INFO : test_web :Protractor practice website - WebTables
2022-03-27 16:11:07,417 :INFO : test_web :Protractor practice website - WebTables
2022-03-27 16:11:07,418 :INFO : test_web :Successfully opened Protractor practice website - WebTables
2022-03-27 16:11:07,418 :INFO : test_web :Successfully opened Protractor practice website - WebTables
2022-03-27 16:11:38,007 :INFO : test_web :Protractor practice website - WebTables
2022-03-27 16:11:38,007 :INFO : test_web :Successfully opened Protractor practice website - WebTables
2022-03-27 16:11:39,366 :INFO : test_web :Protractor practice website - WebTables
2022-03-27 16:11:39,366 :INFO : test_web :Protractor practice website - WebTables
2022-03-27 16:11:39,368 :INFO : test_web :Successfully opened Protractor practice website - WebTables
2022-03-27 16:11:39,368 :INFO : test_web :Successfully opened Protractor practice website - WebTables
2022-03-27 16:12:12,787 :INFO : test_web :Protractor practice website - WebTables
2022-03-27 16:12:12,787 :INFO : test_web :Successfully opened Protractor practice website - WebTables
2022-03-27 16:12:14,131 :INFO : test_web :Protractor practice website - WebTables
2022-03-27 16:12:14,131 :INFO : test_web :Protractor practice website - WebTables
2022-03-27 16:12:14,131 :INFO : test_web :Successfully opened Protractor practice website - WebTables
2022-03-27 16:12:14,131 :INFO : test_web :Successfully opened Protractor practice website - WebTables
2022-03-27 16:12:48,913 :INFO : test_web :Protractor practice website - WebTables
2022-03-27 16:12:48,913 :INFO : test_web :Successfully opened Protractor practice website - WebTables
2022-03-27 16:12:50,257 :INFO : test_web :Protractor practice website - WebTables
2022-03-27 16:12:50,257 :INFO : test_web :Protractor practice website - WebTables
2022-03-27 16:12:50,257 :INFO : test_web :Successfully opened Protractor practice website - WebTables
2022-03-27 16:12:50,257 :INFO : test_web :Successfully opened Protractor practice website - WebTables
2022-03-27 16:37:52,755 :INFO : test_web :Protractor practice website - WebTables
2022-03-27 16:37:52,756 :INFO : test_web :Successfully opened Protractor practice website - WebTables
2022-03-27 16:37:54,184 :INFO : test_web :Protractor practice website - WebTables
2022-03-27 16:37:54,184 :INFO : test_web :Protractor practice website - WebTables
2022-03-27 16:37:54,184 :INFO : test_web :Successfully opened Protractor practice website - WebTables
2022-03-27 16:37:54,184 :INFO : test_web :Successfully opened Protractor practice website - WebTables
2022-03-27 16:38:46,877 :INFO : test_web :Protractor practice website - WebTables
2022-03-27 16:38:46,877 :INFO : test_web :Successfully opened Protractor practice website - WebTables
2022-03-27 16:39:17,286 :INFO : test_web :Protractor practice website - WebTables
2022-03-27 16:39:17,286 :INFO : test_web :Protractor practice website - WebTables
2022-03-27 16:39:17,286 :INFO : test_web :Successfully opened Protractor practice website - WebTables
2022-03-27 16:39:17,286 :INFO : test_web :Successfully opened Protractor practice website - WebTables
2022-03-27 16:40:33,745 :INFO : test_web :Protractor practice website - WebTables
2022-03-27 16:40:33,745 :INFO : test_web :Successfully opened Protractor practice website - WebTables
2022-03-27 16:40:44,037 :INFO : test_web :Protractor practice website - WebTables
2022-03-27 16:40:44,037 :INFO : test_web :Protractor practice website - WebTables
2022-03-27 16:40:44,037 :INFO : test_web :Successfully opened Protractor practice website - WebTables
2022-03-27 16:40:44,037 :INFO : test_web :Successfully opened Protractor practice website - WebTables
2022-03-27 16:42:40,905 :INFO : test_web :Protractor practice website - WebTables
2022-03-27 16:42:40,906 :INFO : test_web :Successfully opened Protractor practice website - WebTables
2022-03-27 16:42:43,380 :INFO : test_web :Protractor practice website - WebTables
2022-03-27 16:42:43,380 :INFO : test_web :Protractor practice website - WebTables
2022-03-27 16:42:43,380 :INFO : test_web :Successfully opened Protractor practice website - WebTables
2022-03-27 16:42:43,380 :INFO : test_web :Successfully opened Protractor practice website - WebTables
2022-03-27 17:27:23,867 :INFO : test_web :Protractor practice website - WebTables
2022-03-27 17:27:23,867 :INFO : test_web :Successfully opened Protractor practice website - WebTables
2022-03-27 17:27:26,211 :INFO : test_web :Protractor practice website - WebTables
2022-03-27 17:27:26,211 :INFO : test_web :Protractor practice website - WebTables
2022-03-27 17:27:26,211 :INFO : test_web :Successfully opened Protractor practice website - WebTables
2022-03-27 17:27:26,211 :INFO : test_web :Successfully opened Protractor practice website - WebTables
2022-03-27 17:28:59,959 :INFO : test_web :Protractor practice website - WebTables
2022-03-27 17:28:59,960 :INFO : test_web :Successfully opened Protractor practice website - WebTables
2022-03-27 17:29:02,260 :INFO : test_web :Protractor practice website - WebTables
2022-03-27 17:29:02,260 :INFO : test_web :Protractor practice website - WebTables
2022-03-27 17:29:02,274 :INFO : test_web :Successfully opened Protractor practice website - WebTables
2022-03-27 17:29:02,274 :INFO : test_web :Successfully opened Protractor practice website - WebTables
2022-03-27 17:30:09,318 :INFO : test_web :Protractor practice website - WebTables
2022-03-27 17:30:09,318 :INFO : test_web :Successfully opened Protractor practice website - WebTables
2022-03-27 17:30:10,731 :INFO : test_web :Protractor practice website - WebTables
2022-03-27 17:30:10,731 :INFO : test_web :Protractor practice website - WebTables
2022-03-27 17:30:10,731 :INFO : test_web :Successfully opened Protractor practice website - WebTables
2022-03-27 17:30:10,731 :INFO : test_web :Successfully opened Protractor practice website - WebTables
2022-03-27 17:30:39,143 :INFO : test_web_table :Protractor practice website - WebTables
2022-03-27 17:30:39,143 :INFO : test_web_table :Successfully opened Protractor practice website - WebTables
2022-03-27 17:30:40,536 :INFO : test_web_table :Protractor practice website - WebTables
2022-03-27 17:30:40,536 :INFO : test_web_table :Protractor practice website - WebTables
2022-03-27 17:30:40,536 :INFO : test_web_table :Successfully opened Protractor practice website - WebTables
2022-03-27 17:30:40,536 :INFO : test_web_table :Successfully opened Protractor practice website - WebTables
2022-03-27 17:31:07,354 :INFO : test_web_table :Protractor practice website - WebTables
2022-03-27 17:31:07,354 :INFO : test_web_table :Successfully opened Protractor practice website - WebTables
2022-03-27 17:31:09,670 :INFO : test_web_table :Protractor practice website - WebTables
2022-03-27 17:31:09,670 :INFO : test_web_table :Protractor practice website - WebTables
2022-03-27 17:31:09,671 :INFO : test_web_table :Successfully opened Protractor practice website - WebTables
2022-03-27 17:31:09,671 :INFO : test_web_table :Successfully opened Protractor practice website - WebTables
2022-03-27 17:32:05,153 :INFO : test_web_table :Protractor practice website - WebTables
2022-03-27 17:32:05,153 :INFO : test_web_table :Successfully opened Protractor practice website - WebTables
2022-03-27 17:32:07,472 :INFO : test_web_table :Protractor practice website - WebTables
2022-03-27 17:32:07,472 :INFO : test_web_table :Protractor practice website - WebTables
2022-03-27 17:32:07,472 :INFO : test_web_table :Successfully opened Protractor practice website - WebTables
2022-03-27 17:32:07,472 :INFO : test_web_table :Successfully opened Protractor practice website - WebTables
2022-03-27 17:32:36,538 :INFO : test_web_table :Protractor practice website - WebTables
2022-03-27 17:32:36,538 :INFO : test_web_table :Successfully opened Protractor practice website - WebTables
2022-03-27 17:32:38,890 :INFO : test_web_table :Protractor practice website - WebTables
2022-03-27 17:32:38,890 :INFO : test_web_table :Protractor practice website - WebTables
2022-03-27 17:32:38,891 :INFO : test_web_table :Successfully opened Protractor practice website - WebTables
2022-03-27 17:32:38,891 :INFO : test_web_table :Successfully opened Protractor practice website - WebTables
2022-03-27 19:11:23,456 :INFO : test_web_table :Protractor practice website - WebTables
2022-03-27 19:11:23,457 :INFO : test_web_table :Successfully opened Protractor practice website - WebTables
2022-03-27 19:11:24,869 :INFO : test_web_table :Protractor practice website - WebTables
2022-03-27 19:11:24,869 :INFO : test_web_table :Protractor practice website - WebTables
2022-03-27 19:11:24,870 :INFO : test_web_table :Successfully opened Protractor practice website - WebTables
2022-03-27 19:11:24,870 :INFO : test_web_table :Successfully opened Protractor practice website - WebTables
2022-03-27 19:51:46,603 :INFO : test_web_table :Protractor practice website - WebTables
2022-03-27 19:51:46,603 :INFO : test_web_table :Successfully opened Protractor practice website - WebTables
2022-03-27 19:51:48,057 :INFO : test_web_table :Protractor practice website - WebTables
2022-03-27 19:51:48,057 :INFO : test_web_table :Protractor practice website - WebTables
2022-03-27 19:51:48,069 :INFO : test_web_table :Successfully opened Protractor practice website - WebTables
2022-03-27 19:51:48,069 :INFO : test_web_table :Successfully opened Protractor practice website - WebTables
2022-03-27 19:57:18,194 :INFO : test_web_table :Protractor practice website - WebTables
2022-03-27 19:57:18,194 :INFO : test_web_table :Successfully opened Protractor practice website - WebTables
2022-03-27 19:57:19,571 :INFO : test_web_table :Protractor practice website - WebTables
2022-03-27 19:57:19,571 :INFO : test_web_table :Protractor practice website - WebTables
2022-03-27 19:57:19,583 :INFO : test_web_table :Successfully opened Protractor practice website - WebTables
2022-03-27 19:57:19,583 :INFO : test_web_table :Successfully opened Protractor practice website - WebTables
2022-03-27 20:05:58,077 :INFO : test_web_table :Protractor practice website - WebTables
2022-03-27 20:05:58,077 :INFO : test_web_table :Successfully opened Protractor practice website - WebTables
2022-03-27 20:05:59,475 :INFO : test_web_table :Protractor practice website - WebTables
2022-03-27 20:05:59,475 :INFO : test_web_table :Protractor practice website - WebTables
2022-03-27 20:05:59,476 :INFO : test_web_table :Successfully opened Protractor practice website - WebTables
2022-03-27 20:05:59,476 :INFO : test_web_table :Successfully opened Protractor practice website - WebTables
2022-03-27 20:06:44,538 :INFO : test_web_table :Protractor practice website - WebTables
2022-03-27 20:06:44,538 :INFO : test_web_table :Successfully opened Protractor practice website - WebTables
2022-03-27 20:06:45,913 :INFO : test_web_table :Protractor practice website - WebTables
2022-03-27 20:06:45,913 :INFO : test_web_table :Protractor practice website - WebTables
2022-03-27 20:06:45,920 :INFO : test_web_table :Successfully opened Protractor practice website - WebTables
2022-03-27 20:06:45,920 :INFO : test_web_table :Successfully opened Protractor practice website - WebTables
2022-03-27 20:15:24,383 :INFO : test_web_table :Protractor practice website - WebTables
2022-03-27 20:15:24,384 :INFO : test_web_table :Successfully opened Protractor practice website - WebTables
2022-03-27 20:15:25,775 :INFO : test_web_table :Protractor practice website - WebTables
2022-03-27 20:15:25,775 :INFO : test_web_table :Protractor practice website - WebTables
2022-03-27 20:15:25,775 :INFO : test_web_table :Successfully opened Protractor practice website - WebTables
2022-03-27 20:15:25,775 :INFO : test_web_table :Successfully opened Protractor practice website - WebTables
2022-03-27 20:15:56,083 :INFO : test_web_table :Protractor practice website - WebTables
2022-03-27 20:15:56,084 :INFO : test_web_table :Successfully opened Protractor practice website - WebTables
2022-03-27 20:15:57,451 :INFO : test_web_table :Protractor practice website - WebTables
2022-03-27 20:15:57,451 :INFO : test_web_table :Protractor practice website - WebTables
2022-03-27 20:15:57,451 :INFO : test_web_table :Successfully opened Protractor practice website - WebTables
2022-03-27 20:15:57,451 :INFO : test_web_table :Successfully opened Protractor practice website - WebTables
2022-03-27 20:17:26,243 :INFO : test_web_table :Protractor practice website - WebTables
2022-03-27 20:17:26,243 :INFO : test_web_table :Successfully opened Protractor practice website - WebTables
2022-03-27 20:17:28,547 :INFO : test_web_table :Protractor practice website - WebTables
2022-03-27 20:17:28,547 :INFO : test_web_table :Protractor practice website - WebTables
2022-03-27 20:17:28,561 :INFO : test_web_table :Successfully opened Protractor practice website - WebTables
2022-03-27 20:17:28,561 :INFO : test_web_table :Successfully opened Protractor practice website - WebTables
2022-03-27 20:18:25,117 :INFO : test_web_table :Protractor practice website - WebTables
2022-03-27 20:18:25,118 :INFO : test_web_table :Successfully opened Protractor practice website - WebTables
2022-03-27 20:18:27,438 :INFO : test_web_table :Protractor practice website - WebTables
2022-03-27 20:18:27,438 :INFO : test_web_table :Protractor practice website - WebTables
2022-03-27 20:18:27,438 :INFO : test_web_table :Successfully opened Protractor practice website - WebTables
2022-03-27 20:18:27,438 :INFO : test_web_table :Successfully opened Protractor practice website - WebTables
2022-03-27 20:20:29,812 :INFO : test_web_table :Protractor practice website - WebTables
2022-03-27 20:20:29,813 :INFO : test_web_table :Successfully opened Protractor practice website - WebTables
2022-03-27 20:20:32,226 :INFO : test_web_table :Protractor practice website - WebTables
2022-03-27 20:20:32,226 :INFO : test_web_table :Protractor practice website - WebTables
2022-03-27 20:20:32,226 :INFO : test_web_table :Successfully opened Protractor practice website - WebTables
2022-03-27 20:20:32,226 :INFO : test_web_table :Successfully opened Protractor practice website - WebTables
2022-03-27 20:22:12,458 :INFO : test_web_table :Protractor practice website - WebTables
2022-03-27 20:22:12,459 :INFO : test_web_table :Successfully opened Protractor practice website - WebTables
2022-03-27 20:22:14,538 :INFO : test_web_table :Message: no such element: Unable to locate element: {"method":"css selector","selector":"[name='FirstName']"}
  (Session info: chrome=99.0.4844.83)
Stacktrace:
0   chromedriver                        0x0000000100b8b370 chromedriver + 4420464
1   chromedriver                        0x0000000100b22940 chromedriver + 3991872
2   chromedriver                        0x0000000100782548 chromedriver + 189768
3   chromedriver                        0x00000001007b0ef8 chromedriver + 380664
4   chromedriver                        0x00000001007d9bfc chromedriver + 547836
5   chromedriver                        0x00000001007a6248 chromedriver + 336456
6   chromedriver                        0x0000000100b4f548 chromedriver + 4175176
7   chromedriver                        0x0000000100b6595c chromedriver + 4266332
8   chromedriver                        0x0000000100b6a660 chromedriver + 4286048
9   chromedriver                        0x0000000100b66124 chromedriver + 4268324
10  chromedriver                        0x0000000100b4553c chromedriver + 4134204
11  chromedriver                        0x0000000100b7deb0 chromedriver + 4366000
12  chromedriver                        0x0000000100b7e014 chromedriver + 4366356
13  chromedriver                        0x0000000100b91a6c chromedriver + 4446828
14  libsystem_pthread.dylib             0x00000001a07f5240 _pthread_start + 148
15  libsystem_pthread.dylib             0x00000001a07f0024 thread_start + 8

2022-03-27 20:22:15,556 :INFO : test_web_table :Protractor practice website - WebTables
2022-03-27 20:22:15,556 :INFO : test_web_table :Protractor practice website - WebTables
2022-03-27 20:22:15,557 :INFO : test_web_table :Successfully opened Protractor practice website - WebTables
2022-03-27 20:22:15,557 :INFO : test_web_table :Successfully opened Protractor practice website - WebTables
2022-03-27 20:22:17,564 :INFO : test_web_table :Message: no such element: Unable to locate element: {"method":"css selector","selector":"[name='FirstName']"}
  (Session info: chrome=99.0.4844.83)
Stacktrace:
0   chromedriver                        0x0000000100b8b370 chromedriver + 4420464
1   chromedriver                        0x0000000100b22940 chromedriver + 3991872
2   chromedriver                        0x0000000100782548 chromedriver + 189768
3   chromedriver                        0x00000001007b0ef8 chromedriver + 380664
4   chromedriver                        0x00000001007d9bfc chromedriver + 547836
5   chromedriver                        0x00000001007a6248 chromedriver + 336456
6   chromedriver                        0x0000000100b4f548 chromedriver + 4175176
7   chromedriver                        0x0000000100b6595c chromedriver + 4266332
8   chromedriver                        0x0000000100b6a660 chromedriver + 4286048
9   chromedriver                        0x0000000100b66124 chromedriver + 4268324
10  chromedriver                        0x0000000100b4553c chromedriver + 4134204
11  chromedriver                        0x0000000100b7deb0 chromedriver + 4366000
12  chromedriver                        0x0000000100b7e014 chromedriver + 4366356
13  chromedriver                        0x0000000100b91a6c chromedriver + 4446828
14  libsystem_pthread.dylib             0x00000001a07f5240 _pthread_start + 148
15  libsystem_pthread.dylib             0x00000001a07f0024 thread_start + 8

2022-03-27 20:22:17,564 :INFO : test_web_table :Message: no such element: Unable to locate element: {"method":"css selector","selector":"[name='FirstName']"}
  (Session info: chrome=99.0.4844.83)
Stacktrace:
0   chromedriver                        0x0000000100b8b370 chromedriver + 4420464
1   chromedriver                        0x0000000100b22940 chromedriver + 3991872
2   chromedriver                        0x0000000100782548 chromedriver + 189768
3   chromedriver                        0x00000001007b0ef8 chromedriver + 380664
4   chromedriver                        0x00000001007d9bfc chromedriver + 547836
5   chromedriver                        0x00000001007a6248 chromedriver + 336456
6   chromedriver                        0x0000000100b4f548 chromedriver + 4175176
7   chromedriver                        0x0000000100b6595c chromedriver + 4266332
8   chromedriver                        0x0000000100b6a660 chromedriver + 4286048
9   chromedriver                        0x0000000100b66124 chromedriver + 4268324
10  chromedriver                        0x0000000100b4553c chromedriver + 4134204
11  chromedriver                        0x0000000100b7deb0 chromedriver + 4366000
12  chromedriver                        0x0000000100b7e014 chromedriver + 4366356
13  chromedriver                        0x0000000100b91a6c chromedriver + 4446828
14  libsystem_pthread.dylib             0x00000001a07f5240 _pthread_start + 148
15  libsystem_pthread.dylib             0x00000001a07f0024 thread_start + 8

2022-03-27 20:23:14,360 :INFO : test_web_table :Protractor practice website - WebTables
2022-03-27 20:23:14,360 :INFO : test_web_table :Successfully opened Protractor practice website - WebTables
2022-03-27 20:23:16,421 :INFO : test_web_table :Message: no such element: Unable to locate element: {"method":"css selector","selector":"[name='FirstName']"}
  (Session info: chrome=99.0.4844.83)
Stacktrace:
0   chromedriver                        0x0000000102cc7370 chromedriver + 4420464
1   chromedriver                        0x0000000102c5e940 chromedriver + 3991872
2   chromedriver                        0x00000001028be548 chromedriver + 189768
3   chromedriver                        0x00000001028ecef8 chromedriver + 380664
4   chromedriver                        0x0000000102915bfc chromedriver + 547836
5   chromedriver                        0x00000001028e2248 chromedriver + 336456
6   chromedriver                        0x0000000102c8b548 chromedriver + 4175176
7   chromedriver                        0x0000000102ca195c chromedriver + 4266332
8   chromedriver                        0x0000000102ca6660 chromedriver + 4286048
9   chromedriver                        0x0000000102ca2124 chromedriver + 4268324
10  chromedriver                        0x0000000102c8153c chromedriver + 4134204
11  chromedriver                        0x0000000102cb9eb0 chromedriver + 4366000
12  chromedriver                        0x0000000102cba014 chromedriver + 4366356
13  chromedriver                        0x0000000102ccda6c chromedriver + 4446828
14  libsystem_pthread.dylib             0x00000001a07f5240 _pthread_start + 148
15  libsystem_pthread.dylib             0x00000001a07f0024 thread_start + 8

2022-03-27 20:23:16,695 :INFO : test_web_table :Protractor practice website - WebTables
2022-03-27 20:23:16,695 :INFO : test_web_table :Protractor practice website - WebTables
2022-03-27 20:23:16,695 :INFO : test_web_table :Successfully opened Protractor practice website - WebTables
2022-03-27 20:23:16,695 :INFO : test_web_table :Successfully opened Protractor practice website - WebTables
2022-03-27 20:23:18,727 :INFO : test_web_table :Message: no such element: Unable to locate element: {"method":"css selector","selector":"[name='FirstName']"}
  (Session info: chrome=99.0.4844.83)
Stacktrace:
0   chromedriver                        0x0000000102cc7370 chromedriver + 4420464
1   chromedriver                        0x0000000102c5e940 chromedriver + 3991872
2   chromedriver                        0x00000001028be548 chromedriver + 189768
3   chromedriver                        0x00000001028ecef8 chromedriver + 380664
4   chromedriver                        0x0000000102915bfc chromedriver + 547836
5   chromedriver                        0x00000001028e2248 chromedriver + 336456
6   chromedriver                        0x0000000102c8b548 chromedriver + 4175176
7   chromedriver                        0x0000000102ca195c chromedriver + 4266332
8   chromedriver                        0x0000000102ca6660 chromedriver + 4286048
9   chromedriver                        0x0000000102ca2124 chromedriver + 4268324
10  chromedriver                        0x0000000102c8153c chromedriver + 4134204
11  chromedriver                        0x0000000102cb9eb0 chromedriver + 4366000
12  chromedriver                        0x0000000102cba014 chromedriver + 4366356
13  chromedriver                        0x0000000102ccda6c chromedriver + 4446828
14  libsystem_pthread.dylib             0x00000001a07f5240 _pthread_start + 148
15  libsystem_pthread.dylib             0x00000001a07f0024 thread_start + 8

2022-03-27 20:23:18,727 :INFO : test_web_table :Message: no such element: Unable to locate element: {"method":"css selector","selector":"[name='FirstName']"}
  (Session info: chrome=99.0.4844.83)
Stacktrace:
0   chromedriver                        0x0000000102cc7370 chromedriver + 4420464
1   chromedriver                        0x0000000102c5e940 chromedriver + 3991872
2   chromedriver                        0x00000001028be548 chromedriver + 189768
3   chromedriver                        0x00000001028ecef8 chromedriver + 380664
4   chromedriver                        0x0000000102915bfc chromedriver + 547836
5   chromedriver                        0x00000001028e2248 chromedriver + 336456
6   chromedriver                        0x0000000102c8b548 chromedriver + 4175176
7   chromedriver                        0x0000000102ca195c chromedriver + 4266332
8   chromedriver                        0x0000000102ca6660 chromedriver + 4286048
9   chromedriver                        0x0000000102ca2124 chromedriver + 4268324
10  chromedriver                        0x0000000102c8153c chromedriver + 4134204
11  chromedriver                        0x0000000102cb9eb0 chromedriver + 4366000
12  chromedriver                        0x0000000102cba014 chromedriver + 4366356
13  chromedriver                        0x0000000102ccda6c chromedriver + 4446828
14  libsystem_pthread.dylib             0x00000001a07f5240 _pthread_start + 148
15  libsystem_pthread.dylib             0x00000001a07f0024 thread_start + 8

2022-03-27 20:24:17,509 :INFO : test_web_table :Protractor practice website - WebTables
2022-03-27 20:24:17,510 :INFO : test_web_table :Successfully opened Protractor practice website - WebTables
2022-03-27 20:24:19,825 :INFO : test_web_table :Protractor practice website - WebTables
2022-03-27 20:24:19,825 :INFO : test_web_table :Protractor practice website - WebTables
2022-03-27 20:24:19,825 :INFO : test_web_table :Successfully opened Protractor practice website - WebTables
2022-03-27 20:24:19,825 :INFO : test_web_table :Successfully opened Protractor practice website - WebTables
2022-03-27 20:46:47,396 :INFO : test_web_table :Protractor practice website - WebTables
2022-03-27 20:46:47,396 :INFO : test_web_table :Successfully opened Protractor practice website - WebTables
2022-03-27 20:46:48,833 :INFO : test_web_table :Protractor practice website - WebTables
2022-03-27 20:46:48,833 :INFO : test_web_table :Protractor practice website - WebTables
2022-03-27 20:46:48,833 :INFO : test_web_table :Successfully opened Protractor practice website - WebTables
2022-03-27 20:46:48,833 :INFO : test_web_table :Successfully opened Protractor practice website - WebTables
